<?xml version="1.0" encoding="UTF-8"?>
<!-- Generated by org.testng.reporters.JUnitReportReporter -->
<testsuite hostname="DESKTOP-PUBLAN6" failures="0" tests="1" name="books.TC_DWS_001_Test" time="10.354" errors="0" timestamp="2025-08-04T12:00:08 IST" skipped="0">
  <testcase classname="books.TC_DWS_001_Test" name="clickOnBooks" time="10.354"/>
</testsuite> <!-- books.TC_DWS_001_Test -->
